<?xml version="1.0" encoding="UTF-8"?>
<!-- Generated by org.testng.reporters.JUnitXMLReporter -->
<testsuite ignored="0" hostname="DESKTOP-8GQ3KA3" failures="0" tests="4" name="Default test" time="21.397" errors="0" timestamp="2024-02-15T19:14:31 IST">
  <testcase classname="testng.P13_EbayTestNGISuiteListenerClassLevel" name="browserSetting" time="0.308"/>
  <testcase classname="testng.P13_EbayTestNGISuiteListenerClassLevel" name="navigateURL" time="3.68"/>
  <testcase classname="testng.P13_EbayTestNGISuiteListenerClassLevel" name="getPageInfo" time="0.232"/>
  <testcase classname="testng.P13_EbayTestNGISuiteListenerClassLevel" name="searchProduct" time="7.444"/>
</testsuite> <!-- Default test -->
