<?xml version="1.0" encoding="UTF-8"?>
<!-- Generated by org.testng.reporters.JUnitXMLReporter -->
<testsuite ignored="0" hostname="DESKTOP-8GQ3KA3" failures="0" tests="4" name="Test2" time="42.806" errors="0" timestamp="2024-02-10T08:07:03 IST">
  <testcase classname="testng.P5_EbayParameter" name="browserSetting" time="0.669"/>
  <testcase classname="testng.P5_EbayParameter" name="navigateURL" time="5.223"/>
  <testcase classname="testng.P5_EbayParameter" name="getPageInfo" time="6.976"/>
  <testcase classname="testng.P5_EbayParameter" name="searchProduct" time="6.928"/>
</testsuite> <!-- Test2 -->
