<?xml version="1.0" encoding="UTF-8"?>
<!-- Generated by org.testng.reporters.JUnitXMLReporter -->
<testsuite ignored="0" hostname="DESKTOP-8GQ3KA3" failures="1" tests="5" name="Test" time="13.188" errors="0" timestamp="2024-02-15T19:01:06 IST">
  <testcase classname="testng.P11_EbayDependsOnGroups" name="browserSetting" time="0.395"/>
  <testcase classname="testng.P11_EbayDependsOnGroups" name="navigateURL" time="3.547">
    <failure type="java.lang.AssertionError" message="expected [true] but found [false]">
      <![CDATA[java.lang.AssertionError: expected [true] but found [false]
at testng.P11_EbayDependsOnGroups.navigateURL(P11_EbayDependsOnGroups.java:66)
at java.base/java.util.ArrayList.forEach(ArrayList.java:1541)
... Removed 31 stack frames]]>
    </failure>
  </testcase> <!-- navigateURL -->
  <testcase classname="testng.P11_EbayDependsOnGroups" name="getPageInfo" time="0.053"/>
  <testcase classname="testng.P11_EbayDependsOnGroups" name="searchProduct" time="0.0">
    <skipped/>
  </testcase> <!-- searchProduct -->
  <testcase classname="testng.P11_EbayDependsOnGroups" name="getSearchResult" time="0.0">
    <skipped/>
  </testcase> <!-- getSearchResult -->
</testsuite> <!-- Test -->
