<?xml version="1.0" encoding="UTF-8"?>
<!-- Generated by org.testng.reporters.JUnitXMLReporter -->
<testsuite ignored="0" hostname="DESKTOP-8GQ3KA3" failures="0" tests="4" name="Test1" time="44.207" errors="0" timestamp="2024-02-10T08:07:04 IST">
  <testcase classname="testng.P5_EbayParameter" name="browserSetting" time="3.814"/>
  <testcase classname="testng.P5_EbayParameter" name="navigateURL" time="18.438"/>
  <testcase classname="testng.P5_EbayParameter" name="getPageInfo" time="0.413"/>
  <testcase classname="testng.P5_EbayParameter" name="searchProduct" time="4.732"/>
</testsuite> <!-- Test1 -->
