<?xml version="1.0" encoding="UTF-8"?>
<testng-results ignored="0" total="4" passed="4" failed="0" skipped="0">
  <reporter-output>
  </reporter-output>
  <suite started-at="2024-02-15T19:16:56 IST" name="EbaySuite" finished-at="2024-02-15T19:17:15 IST" duration-ms="19110">
    <groups>
    </groups>
    <test started-at="2024-02-15T19:16:56 IST" name="EbayTest" finished-at="2024-02-15T19:17:15 IST" duration-ms="19110">
      <class name="testng.P14_EbayTestNGISuiteListenerXMLLevel">
        <test-method is-config="true" signature="invokeBrower()[pri:0, instance:testng.P14_EbayTestNGISuiteListenerXMLLevel@4d0d9fe7]" started-at="2024-02-15T19:16:56 IST" name="invokeBrower" finished-at="2024-02-15T19:17:01 IST" duration-ms="5614" status="PASS">
          <reporter-output>
          </reporter-output>
        </test-method> <!-- invokeBrower -->
        <test-method signature="browserSetting()[pri:1, instance:testng.P14_EbayTestNGISuiteListenerXMLLevel@4d0d9fe7]" started-at="2024-02-15T19:17:02 IST" name="browserSetting" finished-at="2024-02-15T19:17:02 IST" duration-ms="301" status="PASS">
          <reporter-output>
          </reporter-output>
        </test-method> <!-- browserSetting -->
        <test-method signature="navigateURL()[pri:2, instance:testng.P14_EbayTestNGISuiteListenerXMLLevel@4d0d9fe7]" started-at="2024-02-15T19:17:02 IST" name="navigateURL" finished-at="2024-02-15T19:17:05 IST" duration-ms="3161" status="PASS">
          <reporter-output>
          </reporter-output>
        </test-method> <!-- navigateURL -->
        <test-method signature="getPageInfo()[pri:3, instance:testng.P14_EbayTestNGISuiteListenerXMLLevel@4d0d9fe7]" started-at="2024-02-15T19:17:05 IST" name="getPageInfo" finished-at="2024-02-15T19:17:05 IST" duration-ms="322" status="PASS">
          <reporter-output>
          </reporter-output>
        </test-method> <!-- getPageInfo -->
        <test-method signature="searchProduct()[pri:4, instance:testng.P14_EbayTestNGISuiteListenerXMLLevel@4d0d9fe7]" started-at="2024-02-15T19:17:05 IST" name="searchProduct" finished-at="2024-02-15T19:17:13 IST" duration-ms="7586" status="PASS">
          <reporter-output>
          </reporter-output>
        </test-method> <!-- searchProduct -->
        <test-method is-config="true" signature="closeBrowser()[pri:0, instance:testng.P14_EbayTestNGISuiteListenerXMLLevel@4d0d9fe7]" started-at="2024-02-15T19:17:13 IST" name="closeBrowser" finished-at="2024-02-15T19:17:15 IST" duration-ms="1867" status="PASS">
          <reporter-output>
          </reporter-output>
        </test-method> <!-- closeBrowser -->
      </class> <!-- testng.P14_EbayTestNGISuiteListenerXMLLevel -->
    </test> <!-- EbayTest -->
  </suite> <!-- EbaySuite -->
</testng-results>
