<?xml version="1.0" encoding="UTF-8"?>
<!-- Generated by org.testng.reporters.JUnitXMLReporter -->
<testsuite ignored="0" hostname="DESKTOP-8GQ3KA3" failures="0" tests="4" name="EbayTest" time="19.11" errors="0" timestamp="2024-02-15T19:17:15 IST">
  <testcase classname="testng.P14_EbayTestNGISuiteListenerXMLLevel" name="browserSetting" time="0.301"/>
  <testcase classname="testng.P14_EbayTestNGISuiteListenerXMLLevel" name="navigateURL" time="3.161"/>
  <testcase classname="testng.P14_EbayTestNGISuiteListenerXMLLevel" name="getPageInfo" time="0.322"/>
  <testcase classname="testng.P14_EbayTestNGISuiteListenerXMLLevel" name="searchProduct" time="7.586"/>
</testsuite> <!-- EbayTest -->
